# JRE version: OpenJDK Runtime Environment (8.0_76-b03) (build 1.8.0_76-release-b03)
# Java VM: OpenJDK 64-Bit Server VM (25.76-b03 mixed mode linux-amd64 compressed oops)
Heap:
 PSYoungGen      total 233472K, used 12792K [0x00000000e0000000, 0x00000000ef080000, 0x0000000100000000)
  eden space 220672K, 0% used [0x00000000e0000000,0x00000000e0000000,0x00000000ed780000)
  from space 12800K, 99% used [0x00000000ed780000,0x00000000ee3fe118,0x00000000ee400000)
  to   space 8704K, 0% used [0x00000000ee800000,0x00000000ee800000,0x00000000ef080000)
 ParOldGen       total 79872K, used 58073K [0x00000000a0000000, 0x00000000a4e00000, 0x00000000e0000000)
  object space 79872K, 72% used [0x00000000a0000000,0x00000000a38b6530,0x00000000a4e00000)
 Metaspace       used 59327K, capacity 60732K, committed 60928K, reserved 1101824K
  class space    used 7704K, capacity 8074K, committed 8192K, reserved 1048576K
GC Heap History (10 events):
Event: 24.928 GC heap after
Heap after GC invocations=15 (full 2):
 PSYoungGen      total 115712K, used 9201K [0x00000000e0000000, 0x00000000eaf00000, 0x0000000100000000)
  eden space 106496K, 0% used [0x00000000e0000000,0x00000000e0000000,0x00000000e6800000)
  from space 9216K, 99% used [0x00000000e6800000,0x00000000e70fc770,0x00000000e7100000)
  to   space 10752K, 0% used [0x00000000ea480000,0x00000000ea480000,0x00000000eaf00000)
 ParOldGen       total 42496K, used 15590K [0x00000000a0000000, 0x00000000a2980000, 0x00000000e0000000)
  object space 42496K, 36% used [0x00000000a0000000,0x00000000a0f39aa0,0x00000000a2980000)
 Metaspace       used 42678K, capacity 43506K, committed 43904K, reserved 1087488K
  class space    used 5712K, capacity 5933K, committed 6016K, reserved 1048576K
}
Event: 28.858 GC heap before
{Heap before GC invocations=16 (full 2):
 PSYoungGen      total 115712K, used 115697K [0x00000000e0000000, 0x00000000eaf00000, 0x0000000100000000)
  eden space 106496K, 100% used [0x00000000e0000000,0x00000000e6800000,0x00000000e6800000)
  from space 9216K, 99% used [0x00000000e6800000,0x00000000e70fc770,0x00000000e7100000)
  to   space 10752K, 0% used [0x00000000ea480000,0x00000000ea480000,0x00000000eaf00000)
 ParOldGen       total 42496K, used 15590K [0x00000000a0000000, 0x00000000a2980000, 0x00000000e0000000)
  object space 42496K, 36% used [0x00000000a0000000,0x00000000a0f39aa0,0x00000000a2980000)
 Metaspace       used 46316K, capacity 47594K, committed 47872K, reserved 1091584K
  class space    used 6260K, capacity 6579K, committed 6656K, reserved 1048576K
Event: 28.944 GC heap after
Heap after GC invocations=16 (full 2):
 PSYoungGen      total 166912K, used 10388K [0x00000000e0000000, 0x00000000eb100000, 0x0000000100000000)
  eden space 156160K, 0% used [0x00000000e0000000,0x00000000e0000000,0x00000000e9880000)
  from space 10752K, 96% used [0x00000000ea480000,0x00000000eaea53a0,0x00000000eaf00000)
  to   space 12288K, 0% used [0x00000000e9880000,0x00000000e9880000,0x00000000ea480000)
 ParOldGen       total 42496K, used 22146K [0x00000000a0000000, 0x00000000a2980000, 0x00000000e0000000)
  object space 42496K, 52% used [0x00000000a0000000,0x00000000a15a08f8,0x00000000a2980000)
 Metaspace       used 46316K, capacity 47594K, committed 47872K, reserved 1091584K
  class space    used 6260K, capacity 6579K, committed 6656K, reserved 1048576K
}
Event: 40.321 GC heap before
{Heap before GC invocations=17 (full 2):
 PSYoungGen      total 166912K, used 166548K [0x00000000e0000000, 0x00000000eb100000, 0x0000000100000000)
  eden space 156160K, 100% used [0x00000000e0000000,0x00000000e9880000,0x00000000e9880000)
  from space 10752K, 96% used [0x00000000ea480000,0x00000000eaea53a0,0x00000000eaf00000)
  to   space 12288K, 0% used [0x00000000e9880000,0x00000000e9880000,0x00000000ea480000)
 ParOldGen       total 42496K, used 22146K [0x00000000a0000000, 0x00000000a2980000, 0x00000000e0000000)
  object space 42496K, 52% used [0x00000000a0000000,0x00000000a15a08f8,0x00000000a2980000)
 Metaspace       used 52842K, capacity 54212K, committed 54272K, reserved 1095680K
  class space    used 7075K, capacity 7420K, committed 7424K, reserved 1048576K
Event: 40.375 GC heap after
Heap after GC invocations=17 (full 2):
 PSYoungGen      total 168448K, used 8390K [0x00000000e0000000, 0x00000000ef480000, 0x0000000100000000)
  eden space 156160K, 0% used [0x00000000e0000000,0x00000000e0000000,0x00000000e9880000)
  from space 12288K, 68% used [0x00000000e9880000,0x00000000ea0b1bc8,0x00000000ea480000)
  to   space 12800K, 0% used [0x00000000ee800000,0x00000000ee800000,0x00000000ef480000)
 ParOldGen       total 42496K, used 30472K [0x00000000a0000000, 0x00000000a2980000, 0x00000000e0000000)
  object space 42496K, 71% used [0x00000000a0000000,0x00000000a1dc2188,0x00000000a2980000)
 Metaspace       used 52842K, capacity 54212K, committed 54272K, reserved 1095680K
  class space    used 7075K, capacity 7420K, committed 7424K, reserved 1048576K
}
Event: 46.014 GC heap before
{Heap before GC invocations=18 (full 2):
 PSYoungGen      total 168448K, used 150823K [0x00000000e0000000, 0x00000000ef480000, 0x0000000100000000)
  eden space 156160K, 91% used [0x00000000e0000000,0x00000000e8b18248,0x00000000e9880000)
  from space 12288K, 68% used [0x00000000e9880000,0x00000000ea0b1bc8,0x00000000ea480000)
  to   space 12800K, 0% used [0x00000000ee800000,0x00000000ee800000,0x00000000ef480000)
 ParOldGen       total 42496K, used 30472K [0x00000000a0000000, 0x00000000a2980000, 0x00000000e0000000)
  object space 42496K, 71% used [0x00000000a0000000,0x00000000a1dc2188,0x00000000a2980000)
 Metaspace       used 57621K, capacity 59000K, committed 59136K, reserved 1099776K
  class space    used 7569K, capacity 7920K, committed 7936K, reserved 1048576K
Event: 46.050 GC heap after
Heap after GC invocations=18 (full 2):
 PSYoungGen      total 229376K, used 8083K [0x00000000e0000000, 0x00000000ef080000, 0x0000000100000000)
  eden space 220672K, 0% used [0x00000000e0000000,0x00000000e0000000,0x00000000ed780000)
  from space 8704K, 92% used [0x00000000ee800000,0x00000000eefe4cb0,0x00000000ef080000)
  to   space 12800K, 0% used [0x00000000ed780000,0x00000000ed780000,0x00000000ee400000)
 ParOldGen       total 42496K, used 35958K [0x00000000a0000000, 0x00000000a2980000, 0x00000000e0000000)
  object space 42496K, 84% used [0x00000000a0000000,0x00000000a231db08,0x00000000a2980000)
 Metaspace       used 57621K, capacity 59000K, committed 59136K, reserved 1099776K
  class space    used 7569K, capacity 7920K, committed 7936K, reserved 1048576K
}
Event: 46.050 GC heap before
{Heap before GC invocations=19 (full 3):
 PSYoungGen      total 229376K, used 8083K [0x00000000e0000000, 0x00000000ef080000, 0x0000000100000000)
  eden space 220672K, 0% used [0x00000000e0000000,0x00000000e0000000,0x00000000ed780000)
  from space 8704K, 92% used [0x00000000ee800000,0x00000000eefe4cb0,0x00000000ef080000)
  to   space 12800K, 0% used [0x00000000ed780000,0x00000000ed780000,0x00000000ee400000)
 ParOldGen       total 42496K, used 35958K [0x00000000a0000000, 0x00000000a2980000, 0x00000000e0000000)
  object space 42496K, 84% used [0x00000000a0000000,0x00000000a231db08,0x00000000a2980000)
 Metaspace       used 57621K, capacity 59000K, committed 59136K, reserved 1099776K
  class space    used 7569K, capacity 7920K, committed 7936K, reserved 1048576K
Event: 46.582 GC heap after
Heap after GC invocations=19 (full 3):
 PSYoungGen      total 229376K, used 0K [0x00000000e0000000, 0x00000000ef080000, 0x0000000100000000)
  eden space 220672K, 0% used [0x00000000e0000000,0x00000000e0000000,0x00000000ed780000)
  from space 8704K, 0% used [0x00000000ee800000,0x00000000ee800000,0x00000000ef080000)
  to   space 12800K, 0% used [0x00000000ed780000,0x00000000ed780000,0x00000000ee400000)
 ParOldGen       total 79872K, used 41617K [0x00000000a0000000, 0x00000000a4e00000, 0x00000000e0000000)
  object space 79872K, 52% used [0x00000000a0000000,0x00000000a28a4630,0x00000000a4e00000)
 Metaspace       used 57611K, capacity 58972K, committed 59136K, reserved 1099776K
  class space    used 7566K, capacity 7914K, committed 7936K, reserved 1048576K
}
Event: 49.594 GC heap before
{Heap before GC invocations=20 (full 3):
 PSYoungGen      total 229376K, used 220672K [0x00000000e0000000, 0x00000000ef080000, 0x0000000100000000)
  eden space 220672K, 100% used [0x00000000e0000000,0x00000000ed780000,0x00000000ed780000)
  from space 8704K, 0% used [0x00000000ee800000,0x00000000ee800000,0x00000000ef080000)
  to   space 12800K, 0% used [0x00000000ed780000,0x00000000ed780000,0x00000000ee400000)
 ParOldGen       total 79872K, used 41617K [0x00000000a0000000, 0x00000000a4e00000, 0x00000000e0000000)
  object space 79872K, 52% used [0x00000000a0000000,0x00000000a28a4630,0x00000000a4e00000)
 Metaspace       used 59327K, capacity 60732K, committed 60928K, reserved 1101824K
  class space    used 7704K, capacity 8074K, committed 8192K, reserved 1048576K

